<?xml version="1.0" encoding="UTF-8"?>
<!-- Generated by org.testng.reporters.JUnitReportReporter -->
<testsuite hostname="Air-cua-Admin" failures="0" tests="1" name="tests.CheckBox" time="19.131" errors="0" timestamp="2022-08-14T19:17:42 ICT" skipped="0">
  <testcase classname="tests.CheckBox" name="verifyData" time="19.131"/>
  <system-out/>
</testsuite> <!-- tests.CheckBox -->
