<?xml version="1.0" encoding="UTF-8"?>
<!-- Generated by org.testng.reporters.JUnitReportReporter -->
<testsuite hostname="Air-cua-Admin" failures="0" tests="1" name="tests.PracticeFormTest" time="43.045" errors="0" timestamp="2022-08-21T14:20:00 ICT" skipped="0">
  <testcase classname="tests.PracticeFormTest" name="submitSuccessfully" time="43.045"/>
  <system-out/>
</testsuite> <!-- tests.PracticeFormTest -->
