<?xml version="1.0" encoding="UTF-8"?>
<!-- Generated by org.testng.reporters.JUnitReportReporter -->
<testsuite hostname="MacBook-Air-cua-Admin.local" failures="0" tests="1" name="tests.PracticeFormTest" time="37.904" errors="0" timestamp="2022-08-28T18:03:26 ICT" skipped="0">
  <testcase classname="tests.PracticeFormTest" name="submitSuccessfully" time="37.904"/>
  <system-out/>
</testsuite> <!-- tests.PracticeFormTest -->
