<?xml version="1.0" encoding="UTF-8"?>
<!-- Generated by org.testng.reporters.JUnitReportReporter -->
<testsuite hostname="MacBook-Air-cua-Admin.local" failures="0" tests="1" name="tests.TextBoxText" time="27.006" errors="0" timestamp="2022-08-10T21:20:07 ICT" skipped="0">
  <testcase classname="tests.TextBoxText" name="validateEmail" time="27.006"/>
  <system-out/>
</testsuite> <!-- tests.TextBoxText -->
