<?xml version="1.0" encoding="UTF-8"?>
<!-- Generated by org.testng.reporters.JUnitReportReporter -->
<testsuite hostname="Air-cua-Admin" failures="0" tests="1" name="tests.ButtonTest" time="93.213" errors="0" timestamp="2022-08-21T14:45:41 ICT" skipped="0">
  <testcase classname="tests.ButtonTest" name="clickdone" time="93.213"/>
  <system-out/>
</testsuite> <!-- tests.ButtonTest -->
