<?xml version="1.0" encoding="UTF-8"?>
<!-- Generated by org.testng.reporters.JUnitReportReporter -->
<testsuite hostname="Air-cua-Admin" failures="0" tests="1" name="tests.WebTableTest" time="34.285" errors="0" timestamp="2022-09-06T23:58:41 ICT" skipped="0">
  <testcase classname="tests.WebTableTest" name="verifyTextAfterSubmit" time="34.285"/>
  <system-out/>
</testsuite> <!-- tests.WebTableTest -->
